<?xml version="1.0" encoding="UTF-8"?>
<!-- Generated by org.testng.reporters.JUnitXMLReporter -->
<testsuite hostname="Jahed-HP" ignored="0" name="Test" tests="8" failures="0" timestamp="05 Jun 2018 05:40:58 GMT" time="0.087" errors="0">
  <testcase name="TC1" time="0.016" classname="pack0.TestCases"/>
  <testcase name="TC2" time="0.002" classname="pack0.TestCases"/>
  <testcase name="TC3" time="0.001" classname="pack0.TestCases"/>
  <testcase name="TC4" time="0.002" classname="pack0.TestCases"/>
  <testcase name="TC5" time="0.002" classname="pack0.TestCases2"/>
  <testcase name="TC6" time="0.002" classname="pack0.TestCases2"/>
  <testcase name="TC7" time="0.003" classname="pack0.TestCases2"/>
  <testcase name="TC8" time="0.002" classname="pack0.TestCases2"/>
</testsuite> <!-- Test -->
