<?xml version="1.0" encoding="UTF-8"?>
<!-- Generated by org.testng.reporters.JUnitXMLReporter -->
<testsuite hostname="Jahed-HP" ignored="0" name="Default test" tests="4" failures="0" timestamp="05 Jun 2018 05:39:01 GMT" time="0.066" errors="0">
  <testcase name="TC5" time="0.019" classname="pack0.TestCases2"/>
  <testcase name="TC6" time="0.002" classname="pack0.TestCases2"/>
  <testcase name="TC7" time="0.001" classname="pack0.TestCases2"/>
  <testcase name="TC8" time="0.001" classname="pack0.TestCases2"/>
</testsuite> <!-- Default test -->
