<?xml version="1.0" encoding="UTF-8"?>
<testng-results skipped="0" failed="0" ignored="0" total="8" passed="8">
  <reporter-output>
  </reporter-output>
  <suite name="Suite" duration-ms="87" started-at="2018-06-05T05:40:58Z" finished-at="2018-06-05T05:40:58Z">
    <groups>
    </groups>
    <test name="Test" duration-ms="87" started-at="2018-06-05T05:40:58Z" finished-at="2018-06-05T05:40:58Z">
      <class name="pack0.TestCases2">
        <test-method status="PASS" signature="TC5()[pri:0, instance:pack0.TestCases2@55f3ddb1]" name="TC5" duration-ms="2" started-at="2018-06-05T05:40:58Z" finished-at="2018-06-05T05:40:58Z">
          <reporter-output>
          </reporter-output>
        </test-method> <!-- TC5 -->
        <test-method status="PASS" signature="TC6()[pri:0, instance:pack0.TestCases2@55f3ddb1]" name="TC6" duration-ms="2" started-at="2018-06-05T05:40:58Z" finished-at="2018-06-05T05:40:58Z">
          <reporter-output>
          </reporter-output>
        </test-method> <!-- TC6 -->
        <test-method status="PASS" signature="TC7()[pri:0, instance:pack0.TestCases2@55f3ddb1]" name="TC7" duration-ms="3" started-at="2018-06-05T05:40:58Z" finished-at="2018-06-05T05:40:58Z">
          <reporter-output>
          </reporter-output>
        </test-method> <!-- TC7 -->
        <test-method status="PASS" signature="TC8()[pri:0, instance:pack0.TestCases2@55f3ddb1]" name="TC8" duration-ms="2" started-at="2018-06-05T05:40:58Z" finished-at="2018-06-05T05:40:58Z">
          <reporter-output>
          </reporter-output>
        </test-method> <!-- TC8 -->
      </class> <!-- pack0.TestCases2 -->
      <class name="pack0.TestCases">
        <test-method status="PASS" signature="TC1()[pri:0, instance:pack0.TestCases@cc285f4]" name="TC1" duration-ms="16" started-at="2018-06-05T05:40:58Z" finished-at="2018-06-05T05:40:58Z">
          <reporter-output>
          </reporter-output>
        </test-method> <!-- TC1 -->
        <test-method status="PASS" signature="TC2()[pri:0, instance:pack0.TestCases@cc285f4]" name="TC2" duration-ms="2" started-at="2018-06-05T05:40:58Z" finished-at="2018-06-05T05:40:58Z">
          <reporter-output>
          </reporter-output>
        </test-method> <!-- TC2 -->
        <test-method status="PASS" signature="TC3()[pri:0, instance:pack0.TestCases@cc285f4]" name="TC3" duration-ms="1" started-at="2018-06-05T05:40:58Z" finished-at="2018-06-05T05:40:58Z">
          <reporter-output>
          </reporter-output>
        </test-method> <!-- TC3 -->
        <test-method status="PASS" signature="TC4()[pri:0, instance:pack0.TestCases@cc285f4]" name="TC4" duration-ms="2" started-at="2018-06-05T05:40:58Z" finished-at="2018-06-05T05:40:58Z">
          <reporter-output>
          </reporter-output>
        </test-method> <!-- TC4 -->
      </class> <!-- pack0.TestCases -->
    </test> <!-- Test -->
  </suite> <!-- Suite -->
</testng-results>
